Added Component: Designator=C11(tu 0805)
Add component (AddParameter): Name = "Chung_Loai"; Value = "Dán"; VariantName = "[No Variations]"
Add component (AddParameter): Name = "Don_Vi"; Value = "Con"; VariantName = "[No Variations]"
Add component (AddParameter): Name = "Kieu_Chan"; Value = ""; VariantName = "[No Variations]"
Add component (AddParameter): Name = "Ma_Hang"; Value = "MH004551"; VariantName = "[No Variations]"
Add component (AddParameter): Name = "So_Chan"; Value = "2"; VariantName = "[No Variations]"
Add component (AddParameter): Name = "Ten_Linh_Kien"; Value = "T? 0805 104-100nF 10% 50V"; VariantName = "[No Variations]"
Added Component: Designator=C12(tu 0805)
Add component (AddParameter): Name = "Chung_Loai"; Value = "Dán"; VariantName = "[No Variations]"
Add component (AddParameter): Name = "Don_Vi"; Value = "Con"; VariantName = "[No Variations]"
Add component (AddParameter): Name = "Kieu_Chan"; Value = ""; VariantName = "[No Variations]"
Add component (AddParameter): Name = "Ma_Hang"; Value = "MH004552"; VariantName = "[No Variations]"
Add component (AddParameter): Name = "So_Chan"; Value = "2"; VariantName = "[No Variations]"
Add component (AddParameter): Name = "Ten_Linh_Kien"; Value = "T? 0805 105-1uF 10% 50V"; VariantName = "[No Variations]"
Added Component: Designator=C13(tu 0805)
Add component (AddParameter): Name = "Chung_Loai"; Value = "Dán"; VariantName = "[No Variations]"
Add component (AddParameter): Name = "Don_Vi"; Value = "Con"; VariantName = "[No Variations]"
Add component (AddParameter): Name = "Kieu_Chan"; Value = ""; VariantName = "[No Variations]"
Add component (AddParameter): Name = "Ma_Hang"; Value = "MH004552"; VariantName = "[No Variations]"
Add component (AddParameter): Name = "So_Chan"; Value = "2"; VariantName = "[No Variations]"
Add component (AddParameter): Name = "Ten_Linh_Kien"; Value = "T? 0805 105-1uF 10% 50V"; VariantName = "[No Variations]"
Added Component: Designator=C14(tu 0805)
Add component (AddParameter): Name = "Chung_Loai"; Value = "Dán"; VariantName = "[No Variations]"
Add component (AddParameter): Name = "Don_Vi"; Value = "Con"; VariantName = "[No Variations]"
Add component (AddParameter): Name = "Kieu_Chan"; Value = ""; VariantName = "[No Variations]"
Add component (AddParameter): Name = "Ma_Hang"; Value = "MH004552"; VariantName = "[No Variations]"
Add component (AddParameter): Name = "So_Chan"; Value = "2"; VariantName = "[No Variations]"
Add component (AddParameter): Name = "Ten_Linh_Kien"; Value = "T? 0805 105-1uF 10% 50V"; VariantName = "[No Variations]"
Added Component: Designator=C15(tu 0805)
Add component (AddParameter): Name = "Chung_Loai"; Value = "Dán"; VariantName = "[No Variations]"
Add component (AddParameter): Name = "Don_Vi"; Value = "Con"; VariantName = "[No Variations]"
Add component (AddParameter): Name = "Kieu_Chan"; Value = ""; VariantName = "[No Variations]"
Add component (AddParameter): Name = "Ma_Hang"; Value = "MH004552"; VariantName = "[No Variations]"
Add component (AddParameter): Name = "So_Chan"; Value = "2"; VariantName = "[No Variations]"
Add component (AddParameter): Name = "Ten_Linh_Kien"; Value = "T? 0805 105-1uF 10% 50V"; VariantName = "[No Variations]"
Added Component: Designator=C18(tu 0805)
Add component (AddParameter): Name = "Chung_Loai"; Value = "Dán"; VariantName = "[No Variations]"
Add component (AddParameter): Name = "Don_Vi"; Value = "Con"; VariantName = "[No Variations]"
Add component (AddParameter): Name = "Kieu_Chan"; Value = ""; VariantName = "[No Variations]"
Add component (AddParameter): Name = "Ma_Hang"; Value = "MH004551"; VariantName = "[No Variations]"
Add component (AddParameter): Name = "So_Chan"; Value = "2"; VariantName = "[No Variations]"
Add component (AddParameter): Name = "Ten_Linh_Kien"; Value = "T? 0805 104-100nF 10% 50V"; VariantName = "[No Variations]"
Added Component: Designator=C19(tu 0805)
Add component (AddParameter): Name = "Chung_Loai"; Value = "Dán"; VariantName = "[No Variations]"
Add component (AddParameter): Name = "Don_Vi"; Value = "Con"; VariantName = "[No Variations]"
Add component (AddParameter): Name = "Kieu_Chan"; Value = ""; VariantName = "[No Variations]"
Add component (AddParameter): Name = "Ma_Hang"; Value = "MH004551"; VariantName = "[No Variations]"
Add component (AddParameter): Name = "So_Chan"; Value = "2"; VariantName = "[No Variations]"
Add component (AddParameter): Name = "Ten_Linh_Kien"; Value = "T? 0805 104-100nF 10% 50V"; VariantName = "[No Variations]"
Added Component: Designator=C22(tu 0805)
Add component (AddParameter): Name = "Chung_Loai"; Value = "Dán"; VariantName = "[No Variations]"
Add component (AddParameter): Name = "Don_Vi"; Value = "Con"; VariantName = "[No Variations]"
Add component (AddParameter): Name = "Kieu_Chan"; Value = ""; VariantName = "[No Variations]"
Add component (AddParameter): Name = "Ma_Hang"; Value = "MH004551"; VariantName = "[No Variations]"
Add component (AddParameter): Name = "So_Chan"; Value = "2"; VariantName = "[No Variations]"
Add component (AddParameter): Name = "Ten_Linh_Kien"; Value = "T? 0805 104-100nF 10% 50V"; VariantName = "[No Variations]"
Added Component: Designator=C23(tu 0805)
Add component (AddParameter): Name = "Chung_Loai"; Value = "Dán"; VariantName = "[No Variations]"
Add component (AddParameter): Name = "Don_Vi"; Value = "Con"; VariantName = "[No Variations]"
Add component (AddParameter): Name = "Kieu_Chan"; Value = ""; VariantName = "[No Variations]"
Add component (AddParameter): Name = "Ma_Hang"; Value = "MH004551"; VariantName = "[No Variations]"
Add component (AddParameter): Name = "So_Chan"; Value = "2"; VariantName = "[No Variations]"
Add component (AddParameter): Name = "Ten_Linh_Kien"; Value = "T? 0805 104-100nF 10% 50V"; VariantName = "[No Variations]"
Added Component: Designator=C34(tu 0805)
Add component (AddParameter): Name = "Chung_Loai"; Value = "Dán"; VariantName = "[No Variations]"
Add component (AddParameter): Name = "Don_Vi"; Value = "Con"; VariantName = "[No Variations]"
Add component (AddParameter): Name = "Kieu_Chan"; Value = ""; VariantName = "[No Variations]"
Add component (AddParameter): Name = "Ma_Hang"; Value = "MH004551"; VariantName = "[No Variations]"
Add component (AddParameter): Name = "So_Chan"; Value = "2"; VariantName = "[No Variations]"
Add component (AddParameter): Name = "Ten_Linh_Kien"; Value = "T? 0805 104-100nF 10% 50V"; VariantName = "[No Variations]"
Added Component: Designator=C35(tu 0805)
Add component (AddParameter): Name = "Chung_Loai"; Value = "Dán"; VariantName = "[No Variations]"
Add component (AddParameter): Name = "Don_Vi"; Value = "Con"; VariantName = "[No Variations]"
Add component (AddParameter): Name = "Kieu_Chan"; Value = ""; VariantName = "[No Variations]"
Add component (AddParameter): Name = "Ma_Hang"; Value = "MH004552"; VariantName = "[No Variations]"
Add component (AddParameter): Name = "So_Chan"; Value = "2"; VariantName = "[No Variations]"
Add component (AddParameter): Name = "Ten_Linh_Kien"; Value = "T? 0805 105-1uF 10% 50V"; VariantName = "[No Variations]"
Added Component: Designator=C36(tu 0805)
Add component (AddParameter): Name = "Chung_Loai"; Value = "Dán"; VariantName = "[No Variations]"
Add component (AddParameter): Name = "Don_Vi"; Value = "Con"; VariantName = "[No Variations]"
Add component (AddParameter): Name = "Kieu_Chan"; Value = ""; VariantName = "[No Variations]"
Add component (AddParameter): Name = "Ma_Hang"; Value = "MH004552"; VariantName = "[No Variations]"
Add component (AddParameter): Name = "So_Chan"; Value = "2"; VariantName = "[No Variations]"
Add component (AddParameter): Name = "Ten_Linh_Kien"; Value = "T? 0805 105-1uF 10% 50V"; VariantName = "[No Variations]"
Added Component: Designator=C37(tu 0805)
Add component (AddParameter): Name = "Chung_Loai"; Value = "Dán"; VariantName = "[No Variations]"
Add component (AddParameter): Name = "Don_Vi"; Value = "Con"; VariantName = "[No Variations]"
Add component (AddParameter): Name = "Kieu_Chan"; Value = ""; VariantName = "[No Variations]"
Add component (AddParameter): Name = "Ma_Hang"; Value = "MH004552"; VariantName = "[No Variations]"
Add component (AddParameter): Name = "So_Chan"; Value = "2"; VariantName = "[No Variations]"
Add component (AddParameter): Name = "Ten_Linh_Kien"; Value = "T? 0805 105-1uF 10% 50V"; VariantName = "[No Variations]"
Added Component: Designator=C38(tu 0805)
Add component (AddParameter): Name = "Chung_Loai"; Value = "Dán"; VariantName = "[No Variations]"
Add component (AddParameter): Name = "Don_Vi"; Value = "Con"; VariantName = "[No Variations]"
Add component (AddParameter): Name = "Kieu_Chan"; Value = ""; VariantName = "[No Variations]"
Add component (AddParameter): Name = "Ma_Hang"; Value = "MH004552"; VariantName = "[No Variations]"
Add component (AddParameter): Name = "So_Chan"; Value = "2"; VariantName = "[No Variations]"
Add component (AddParameter): Name = "Ten_Linh_Kien"; Value = "T? 0805 105-1uF 10% 50V"; VariantName = "[No Variations]"
Added Component: Designator=C41(tu 0805)
Add component (AddParameter): Name = "Chung_Loai"; Value = "Dán"; VariantName = "[No Variations]"
Add component (AddParameter): Name = "Don_Vi"; Value = "Con"; VariantName = "[No Variations]"
Add component (AddParameter): Name = "Kieu_Chan"; Value = ""; VariantName = "[No Variations]"
Add component (AddParameter): Name = "Ma_Hang"; Value = "MH004551"; VariantName = "[No Variations]"
Add component (AddParameter): Name = "So_Chan"; Value = "2"; VariantName = "[No Variations]"
Add component (AddParameter): Name = "Ten_Linh_Kien"; Value = "T? 0805 104-100nF 10% 50V"; VariantName = "[No Variations]"
Added Component: Designator=C42(tu 0805)
Add component (AddParameter): Name = "Chung_Loai"; Value = "Dán"; VariantName = "[No Variations]"
Add component (AddParameter): Name = "Don_Vi"; Value = "Con"; VariantName = "[No Variations]"
Add component (AddParameter): Name = "Kieu_Chan"; Value = ""; VariantName = "[No Variations]"
Add component (AddParameter): Name = "Ma_Hang"; Value = "MH004551"; VariantName = "[No Variations]"
Add component (AddParameter): Name = "So_Chan"; Value = "2"; VariantName = "[No Variations]"
Add component (AddParameter): Name = "Ten_Linh_Kien"; Value = "T? 0805 104-100nF 10% 50V"; VariantName = "[No Variations]"
Added Component: Designator=C45(tu 0805)
Add component (AddParameter): Name = "Chung_Loai"; Value = "Dán"; VariantName = "[No Variations]"
Add component (AddParameter): Name = "Don_Vi"; Value = "Con"; VariantName = "[No Variations]"
Add component (AddParameter): Name = "Kieu_Chan"; Value = ""; VariantName = "[No Variations]"
Add component (AddParameter): Name = "Ma_Hang"; Value = "MH004551"; VariantName = "[No Variations]"
Add component (AddParameter): Name = "So_Chan"; Value = "2"; VariantName = "[No Variations]"
Add component (AddParameter): Name = "Ten_Linh_Kien"; Value = "T? 0805 104-100nF 10% 50V"; VariantName = "[No Variations]"
Added Component: Designator=C46(tu 0805)
Add component (AddParameter): Name = "Chung_Loai"; Value = "Dán"; VariantName = "[No Variations]"
Add component (AddParameter): Name = "Don_Vi"; Value = "Con"; VariantName = "[No Variations]"
Add component (AddParameter): Name = "Kieu_Chan"; Value = ""; VariantName = "[No Variations]"
Add component (AddParameter): Name = "Ma_Hang"; Value = "MH004551"; VariantName = "[No Variations]"
Add component (AddParameter): Name = "So_Chan"; Value = "2"; VariantName = "[No Variations]"
Add component (AddParameter): Name = "Ten_Linh_Kien"; Value = "T? 0805 104-100nF 10% 50V"; VariantName = "[No Variations]"
Added Component: Designator=D1(DIODE_DO214AC_SMA)
Add component (AddParameter): Name = "Category"; Value = ""; VariantName = "[No Variations]"
Add component (AddParameter): Name = "CompanyID"; Value = ""; VariantName = "[No Variations]"
Add component (AddParameter): Name = "MFR"; Value = ""; VariantName = "[No Variations]"
Add component (AddParameter): Name = "MPN"; Value = "SS34"; VariantName = "[No Variations]"
Add component (AddParameter): Name = "PinCount"; Value = ""; VariantName = "[No Variations]"
Add component (AddParameter): Name = "Solder"; Value = "SMT"; VariantName = "[No Variations]"
Add component (AddParameter): Name = "Value"; Value = "SS34"; VariantName = "[No Variations]"
Added Component: Designator=D2(DIODE_DO214AC_SMA)
Add component (AddParameter): Name = "Category"; Value = ""; VariantName = "[No Variations]"
Add component (AddParameter): Name = "CompanyID"; Value = ""; VariantName = "[No Variations]"
Add component (AddParameter): Name = "MFR"; Value = ""; VariantName = "[No Variations]"
Add component (AddParameter): Name = "MPN"; Value = "SS34"; VariantName = "[No Variations]"
Add component (AddParameter): Name = "PinCount"; Value = ""; VariantName = "[No Variations]"
Add component (AddParameter): Name = "Solder"; Value = "SMT"; VariantName = "[No Variations]"
Add component (AddParameter): Name = "Value"; Value = "SS34"; VariantName = "[No Variations]"
Added Component: Designator=D3(DIODE_DO214AC_SMA)
Add component (AddParameter): Name = "Category"; Value = ""; VariantName = "[No Variations]"
Add component (AddParameter): Name = "CompanyID"; Value = ""; VariantName = "[No Variations]"
Add component (AddParameter): Name = "MFR"; Value = ""; VariantName = "[No Variations]"
Add component (AddParameter): Name = "MPN"; Value = "SS34"; VariantName = "[No Variations]"
Add component (AddParameter): Name = "PinCount"; Value = ""; VariantName = "[No Variations]"
Add component (AddParameter): Name = "Solder"; Value = "SMT"; VariantName = "[No Variations]"
Add component (AddParameter): Name = "Value"; Value = "SS34"; VariantName = "[No Variations]"
Added Component: Designator=D4(DIODE_DO214AC_SMA)
Add component (AddParameter): Name = "Category"; Value = ""; VariantName = "[No Variations]"
Add component (AddParameter): Name = "CompanyID"; Value = ""; VariantName = "[No Variations]"
Add component (AddParameter): Name = "MFR"; Value = ""; VariantName = "[No Variations]"
Add component (AddParameter): Name = "MPN"; Value = "SS34"; VariantName = "[No Variations]"
Add component (AddParameter): Name = "PinCount"; Value = ""; VariantName = "[No Variations]"
Add component (AddParameter): Name = "Solder"; Value = "SMT"; VariantName = "[No Variations]"
Add component (AddParameter): Name = "Value"; Value = "SS34"; VariantName = "[No Variations]"
Added Component: Designator=G1(CUON CAM 100uH3A)
Add component (AddParameter): Name = "Chung_Loai"; Value = "Dán"; VariantName = "[No Variations]"
Add component (AddParameter): Name = "Don_Vi"; Value = "Con"; VariantName = "[No Variations]"
Add component (AddParameter): Name = "Ghi Chu"; Value = ""; VariantName = "[No Variations]"
Add component (AddParameter): Name = "Kieu Chan"; Value = ""; VariantName = "[No Variations]"
Add component (AddParameter): Name = "Ma_Hang"; Value = "MH002209"; VariantName = "[No Variations]"
Add component (AddParameter): Name = "Ten_Linh_Kien"; Value = "Cu?n C?m 100uH 3A 8x10MM"; VariantName = "[No Variations]"
Added Component: Designator=G2(CUON CAM 100uH3A)
Add component (AddParameter): Name = "Chung_Loai"; Value = "Dán"; VariantName = "[No Variations]"
Add component (AddParameter): Name = "Don_Vi"; Value = "Con"; VariantName = "[No Variations]"
Add component (AddParameter): Name = "Ghi Chu"; Value = ""; VariantName = "[No Variations]"
Add component (AddParameter): Name = "Kieu Chan"; Value = ""; VariantName = "[No Variations]"
Add component (AddParameter): Name = "Ma_Hang"; Value = "MH002209"; VariantName = "[No Variations]"
Add component (AddParameter): Name = "Ten_Linh_Kien"; Value = "Cu?n C?m 100uH 3A 8x10MM"; VariantName = "[No Variations]"
Added Component: Designator=G3(CUON CAM 100uH3A)
Add component (AddParameter): Name = "Chung_Loai"; Value = "Dán"; VariantName = "[No Variations]"
Add component (AddParameter): Name = "Don_Vi"; Value = "Con"; VariantName = "[No Variations]"
Add component (AddParameter): Name = "Ghi Chu"; Value = ""; VariantName = "[No Variations]"
Add component (AddParameter): Name = "Kieu Chan"; Value = ""; VariantName = "[No Variations]"
Add component (AddParameter): Name = "Ma_Hang"; Value = "MH002209"; VariantName = "[No Variations]"
Add component (AddParameter): Name = "Ten_Linh_Kien"; Value = "Cu?n C?m 100uH 3A 8x10MM"; VariantName = "[No Variations]"
Added Component: Designator=G4(CUON CAM 100uH3A)
Add component (AddParameter): Name = "Chung_Loai"; Value = "Dán"; VariantName = "[No Variations]"
Add component (AddParameter): Name = "Don_Vi"; Value = "Con"; VariantName = "[No Variations]"
Add component (AddParameter): Name = "Ghi Chu"; Value = ""; VariantName = "[No Variations]"
Add component (AddParameter): Name = "Kieu Chan"; Value = ""; VariantName = "[No Variations]"
Add component (AddParameter): Name = "Ma_Hang"; Value = "MH002209"; VariantName = "[No Variations]"
Add component (AddParameter): Name = "Ten_Linh_Kien"; Value = "Cu?n C?m 100uH 3A 8x10MM"; VariantName = "[No Variations]"
Added Component: Designator=P1(HDR2X25)
Add component (AddParameter): Name = "LatestRevisionDate"; Value = "17-Jul-2002"; VariantName = "[No Variations]"
Add component (AddParameter): Name = "LatestRevisionNote"; Value = "Re-released for DXP Platform."; VariantName = "[No Variations]"
Add component (AddParameter): Name = "Publisher"; Value = "Altium Limited"; VariantName = "[No Variations]"
Added Component: Designator=P2(HDR2X25)
Add component (AddParameter): Name = "LatestRevisionDate"; Value = "17-Jul-2002"; VariantName = "[No Variations]"
Add component (AddParameter): Name = "LatestRevisionNote"; Value = "Re-released for DXP Platform."; VariantName = "[No Variations]"
Add component (AddParameter): Name = "Publisher"; Value = "Altium Limited"; VariantName = "[No Variations]"
Added Component: Designator=P3(HDR2X25)
Add component (AddParameter): Name = "LatestRevisionDate"; Value = "17-Jul-2002"; VariantName = "[No Variations]"
Add component (AddParameter): Name = "LatestRevisionNote"; Value = "Re-released for DXP Platform."; VariantName = "[No Variations]"
Add component (AddParameter): Name = "Publisher"; Value = "Altium Limited"; VariantName = "[No Variations]"
Added Component: Designator=P4(HDR2X25)
Add component (AddParameter): Name = "LatestRevisionDate"; Value = "17-Jul-2002"; VariantName = "[No Variations]"
Add component (AddParameter): Name = "LatestRevisionNote"; Value = "Re-released for DXP Platform."; VariantName = "[No Variations]"
Add component (AddParameter): Name = "Publisher"; Value = "Altium Limited"; VariantName = "[No Variations]"
Added Component: Designator=R1(tro smd 0805)
Add component (AddParameter): Name = "Chung_Loai"; Value = "Dán"; VariantName = "[No Variations]"
Add component (AddParameter): Name = "Don_Vi"; Value = "Con"; VariantName = "[No Variations]"
Add component (AddParameter): Name = "Kieu_Chan"; Value = ""; VariantName = "[No Variations]"
Add component (AddParameter): Name = "Ma_Hang"; Value = "MH005485"; VariantName = "[No Variations]"
Add component (AddParameter): Name = "So_Chan"; Value = "2"; VariantName = "[No Variations]"
Add component (AddParameter): Name = "Ten_Linh_Kien"; Value = "Tr? 0805 1% 470k"; VariantName = "[No Variations]"
Added Component: Designator=R2(tro smd 0805)
Add component (AddParameter): Name = "Chung_Loai"; Value = "Dán"; VariantName = "[No Variations]"
Add component (AddParameter): Name = "Don_Vi"; Value = "Con"; VariantName = "[No Variations]"
Add component (AddParameter): Name = "Kieu_Chan"; Value = ""; VariantName = "[No Variations]"
Add component (AddParameter): Name = "Ma_Hang"; Value = "MH005485"; VariantName = "[No Variations]"
Add component (AddParameter): Name = "So_Chan"; Value = "2"; VariantName = "[No Variations]"
Add component (AddParameter): Name = "Ten_Linh_Kien"; Value = "Tr? 0805 1% 470k"; VariantName = "[No Variations]"
Added Component: Designator=R3(tro smd 0805)
Add component (AddParameter): Name = "Chung_Loai"; Value = "Dán"; VariantName = "[No Variations]"
Add component (AddParameter): Name = "Don_Vi"; Value = "Con"; VariantName = "[No Variations]"
Add component (AddParameter): Name = "Kieu_Chan"; Value = ""; VariantName = "[No Variations]"
Add component (AddParameter): Name = "Ma_Hang"; Value = "MH005485"; VariantName = "[No Variations]"
Add component (AddParameter): Name = "So_Chan"; Value = "2"; VariantName = "[No Variations]"
Add component (AddParameter): Name = "Ten_Linh_Kien"; Value = "Tr? 0805 1% 470k"; VariantName = "[No Variations]"
Added Component: Designator=R4(tro smd 0805)
Add component (AddParameter): Name = "Chung_Loai"; Value = "Dán"; VariantName = "[No Variations]"
Add component (AddParameter): Name = "Don_Vi"; Value = "Con"; VariantName = "[No Variations]"
Add component (AddParameter): Name = "Kieu_Chan"; Value = ""; VariantName = "[No Variations]"
Add component (AddParameter): Name = "Ma_Hang"; Value = "MH005485"; VariantName = "[No Variations]"
Add component (AddParameter): Name = "So_Chan"; Value = "2"; VariantName = "[No Variations]"
Add component (AddParameter): Name = "Ten_Linh_Kien"; Value = "Tr? 0805 1% 470k"; VariantName = "[No Variations]"
Added Component: Designator=R5(tro smd 0805)
Add component (AddParameter): Name = "Chung_Loai"; Value = "Dán"; VariantName = "[No Variations]"
Add component (AddParameter): Name = "Don_Vi"; Value = "Con"; VariantName = "[No Variations]"
Add component (AddParameter): Name = "Kieu_Chan"; Value = ""; VariantName = "[No Variations]"
Add component (AddParameter): Name = "Ma_Hang"; Value = "MH005485"; VariantName = "[No Variations]"
Add component (AddParameter): Name = "So_Chan"; Value = "2"; VariantName = "[No Variations]"
Add component (AddParameter): Name = "Ten_Linh_Kien"; Value = "Tr? 0805 1% 470k"; VariantName = "[No Variations]"
Added Component: Designator=R6(tro smd 0805)
Add component (AddParameter): Name = "Chung_Loai"; Value = "Dán"; VariantName = "[No Variations]"
Add component (AddParameter): Name = "Don_Vi"; Value = "Con"; VariantName = "[No Variations]"
Add component (AddParameter): Name = "Kieu_Chan"; Value = ""; VariantName = "[No Variations]"
Add component (AddParameter): Name = "Ma_Hang"; Value = "MH005485"; VariantName = "[No Variations]"
Add component (AddParameter): Name = "So_Chan"; Value = "2"; VariantName = "[No Variations]"
Add component (AddParameter): Name = "Ten_Linh_Kien"; Value = "Tr? 0805 1% 470k"; VariantName = "[No Variations]"
Added Component: Designator=R7(tro smd 0805)
Add component (AddParameter): Name = "Chung_Loai"; Value = "Dán"; VariantName = "[No Variations]"
Add component (AddParameter): Name = "Don_Vi"; Value = "Con"; VariantName = "[No Variations]"
Add component (AddParameter): Name = "Kieu_Chan"; Value = ""; VariantName = "[No Variations]"
Add component (AddParameter): Name = "Ma_Hang"; Value = "MH005485"; VariantName = "[No Variations]"
Add component (AddParameter): Name = "So_Chan"; Value = "2"; VariantName = "[No Variations]"
Add component (AddParameter): Name = "Ten_Linh_Kien"; Value = "Tr? 0805 1% 470k"; VariantName = "[No Variations]"
Added Component: Designator=R8(tro smd 0805)
Add component (AddParameter): Name = "Chung_Loai"; Value = "Dán"; VariantName = "[No Variations]"
Add component (AddParameter): Name = "Don_Vi"; Value = "Con"; VariantName = "[No Variations]"
Add component (AddParameter): Name = "Kieu_Chan"; Value = ""; VariantName = "[No Variations]"
Add component (AddParameter): Name = "Ma_Hang"; Value = "MH005485"; VariantName = "[No Variations]"
Add component (AddParameter): Name = "So_Chan"; Value = "2"; VariantName = "[No Variations]"
Add component (AddParameter): Name = "Ten_Linh_Kien"; Value = "Tr? 0805 1% 470k"; VariantName = "[No Variations]"
Added Component: Designator=R13(tro smd 0805)
Add component (AddParameter): Name = "Chung_Loai"; Value = "Dán"; VariantName = "[No Variations]"
Add component (AddParameter): Name = "Don_Vi"; Value = "Con"; VariantName = "[No Variations]"
Add component (AddParameter): Name = "Kieu_Chan"; Value = ""; VariantName = "[No Variations]"
Add component (AddParameter): Name = "Ma_Hang"; Value = "MH005485"; VariantName = "[No Variations]"
Add component (AddParameter): Name = "So_Chan"; Value = "2"; VariantName = "[No Variations]"
Add component (AddParameter): Name = "Ten_Linh_Kien"; Value = "Tr? 0805 1% 470k"; VariantName = "[No Variations]"
Added Component: Designator=R14(tro smd 0805)
Add component (AddParameter): Name = "Chung_Loai"; Value = "Dán"; VariantName = "[No Variations]"
Add component (AddParameter): Name = "Don_Vi"; Value = "Con"; VariantName = "[No Variations]"
Add component (AddParameter): Name = "Kieu_Chan"; Value = ""; VariantName = "[No Variations]"
Add component (AddParameter): Name = "Ma_Hang"; Value = "MH005485"; VariantName = "[No Variations]"
Add component (AddParameter): Name = "So_Chan"; Value = "2"; VariantName = "[No Variations]"
Add component (AddParameter): Name = "Ten_Linh_Kien"; Value = "Tr? 0805 1% 470k"; VariantName = "[No Variations]"
Added Component: Designator=R15(tro smd 0805)
Add component (AddParameter): Name = "Chung_Loai"; Value = "Dán"; VariantName = "[No Variations]"
Add component (AddParameter): Name = "Don_Vi"; Value = "Con"; VariantName = "[No Variations]"
Add component (AddParameter): Name = "Kieu_Chan"; Value = ""; VariantName = "[No Variations]"
Add component (AddParameter): Name = "Ma_Hang"; Value = "MH005485"; VariantName = "[No Variations]"
Add component (AddParameter): Name = "So_Chan"; Value = "2"; VariantName = "[No Variations]"
Add component (AddParameter): Name = "Ten_Linh_Kien"; Value = "Tr? 0805 1% 470k"; VariantName = "[No Variations]"
Added Component: Designator=R16(tro smd 0805)
Add component (AddParameter): Name = "Chung_Loai"; Value = "Dán"; VariantName = "[No Variations]"
Add component (AddParameter): Name = "Don_Vi"; Value = "Con"; VariantName = "[No Variations]"
Add component (AddParameter): Name = "Kieu_Chan"; Value = ""; VariantName = "[No Variations]"
Add component (AddParameter): Name = "Ma_Hang"; Value = "MH005485"; VariantName = "[No Variations]"
Add component (AddParameter): Name = "So_Chan"; Value = "2"; VariantName = "[No Variations]"
Add component (AddParameter): Name = "Ten_Linh_Kien"; Value = "Tr? 0805 1% 470k"; VariantName = "[No Variations]"
Added Component: Designator=S1(SW_100SP3T1B1M2QE)
Add component (AddParameter): Name = "Availability"; Value = "Unavailable"; VariantName = "[No Variations]"
Add component (AddParameter): Name = "MF"; Value = "{'manufacturer': u'E-Switch'}"; VariantName = "[No Variations]"
Add component (AddParameter): Name = "MP"; Value = "100SP3T1B1M2QE"; VariantName = "[No Variations]"
Add component (AddParameter): Name = "Package"; Value = "None"; VariantName = "[No Variations]"
Add component (AddParameter): Name = "Price"; Value = "None"; VariantName = "[No Variations]"
Add component (AddParameter): Name = "Value"; Value = ""; VariantName = "[No Variations]"
Added Component: Designator=S2(SW_100SP3T1B1M2QE)
Add component (AddParameter): Name = "Availability"; Value = "Unavailable"; VariantName = "[No Variations]"
Add component (AddParameter): Name = "MF"; Value = "{'manufacturer': u'E-Switch'}"; VariantName = "[No Variations]"
Add component (AddParameter): Name = "MP"; Value = "100SP3T1B1M2QE"; VariantName = "[No Variations]"
Add component (AddParameter): Name = "Package"; Value = "None"; VariantName = "[No Variations]"
Add component (AddParameter): Name = "Price"; Value = "None"; VariantName = "[No Variations]"
Add component (AddParameter): Name = "Value"; Value = ""; VariantName = "[No Variations]"
Added Component: Designator=U3(TO263-5)
Add component (AddParameter): Name = "Chung_Loai"; Value = "Dán"; VariantName = "[No Variations]"
Add component (AddParameter): Name = "Don_Vi"; Value = "Con"; VariantName = "[No Variations]"
Add component (AddParameter): Name = "Ghi_Chu"; Value = ""; VariantName = "[No Variations]"
Add component (AddParameter): Name = "Kieu_Chan"; Value = ""; VariantName = "[No Variations]"
Add component (AddParameter): Name = "Ma_Hang"; Value = "MH002362"; VariantName = "[No Variations]"
Add component (AddParameter): Name = "Ten_Linh_Kien"; Value = "LM2576HVS-5.0V BUCK 5V 3A TO263-5"; VariantName = "[No Variations]"
Added Component: Designator=U4(TO263-5)
Add component (AddParameter): Name = "Chung_Loai"; Value = "Dán"; VariantName = "[No Variations]"
Add component (AddParameter): Name = "Don_Vi"; Value = "Con"; VariantName = "[No Variations]"
Add component (AddParameter): Name = "Ghi_Chu"; Value = ""; VariantName = "[No Variations]"
Add component (AddParameter): Name = "Kieu_Chan"; Value = ""; VariantName = "[No Variations]"
Add component (AddParameter): Name = "Ma_Hang"; Value = "MH002362"; VariantName = "[No Variations]"
Add component (AddParameter): Name = "Ten_Linh_Kien"; Value = "LM2576HVS-5.0V BUCK 5V 3A TO263-5"; VariantName = "[No Variations]"
Added Component: Designator=U7(TO263-5)
Add component (AddParameter): Name = "Chung_Loai"; Value = "Dán"; VariantName = "[No Variations]"
Add component (AddParameter): Name = "Don_Vi"; Value = "Con"; VariantName = "[No Variations]"
Add component (AddParameter): Name = "Ghi_Chu"; Value = ""; VariantName = "[No Variations]"
Add component (AddParameter): Name = "Kieu_Chan"; Value = ""; VariantName = "[No Variations]"
Add component (AddParameter): Name = "Ma_Hang"; Value = "MH002362"; VariantName = "[No Variations]"
Add component (AddParameter): Name = "Ten_Linh_Kien"; Value = "LM2576HVS-5.0V BUCK 5V 3A TO263-5"; VariantName = "[No Variations]"
Added Component: Designator=U8(TO263-5)
Add component (AddParameter): Name = "Chung_Loai"; Value = "Dán"; VariantName = "[No Variations]"
Add component (AddParameter): Name = "Don_Vi"; Value = "Con"; VariantName = "[No Variations]"
Add component (AddParameter): Name = "Ghi_Chu"; Value = ""; VariantName = "[No Variations]"
Add component (AddParameter): Name = "Kieu_Chan"; Value = ""; VariantName = "[No Variations]"
Add component (AddParameter): Name = "Ma_Hang"; Value = "MH002362"; VariantName = "[No Variations]"
Add component (AddParameter): Name = "Ten_Linh_Kien"; Value = "LM2576HVS-5.0V BUCK 5V 3A TO263-5"; VariantName = "[No Variations]"
Added Pin To Net: NetName=3.3V Pin=P2-5
Added Pin To Net: NetName=3.3V Pin=P2-6
Added Pin To Net: NetName=3.3V Pin=P4-5
Added Pin To Net: NetName=3.3V Pin=P4-6
Added Net: Name=3.3V
Added Pin To Net: NetName=5V.1 Pin=C23-1
Added Pin To Net: NetName=5V.1 Pin=C46-1
Added Pin To Net: NetName=5V.1 Pin=G2-2
Added Pin To Net: NetName=5V.1 Pin=G4-2
Added Pin To Net: NetName=5V.1 Pin=R7-2
Added Pin To Net: NetName=5V.1 Pin=R15-2
Added Pin To Net: NetName=5V.1 Pin=S1-2
Added Pin To Net: NetName=5V.1 Pin=S2-2
Added Pin To Net: NetName=5V.1 Pin=U4-4
Added Pin To Net: NetName=5V.1 Pin=U8-4
Added Net: Name=5V.1
Added Pin To Net: NetName=5V Pin=C11-1
Added Pin To Net: NetName=5V Pin=C14-2
Added Pin To Net: NetName=5V Pin=C34-1
Added Pin To Net: NetName=5V Pin=C37-2
Added Pin To Net: NetName=5V Pin=P2-3
Added Pin To Net: NetName=5V Pin=P2-4
Added Pin To Net: NetName=5V Pin=P4-3
Added Pin To Net: NetName=5V Pin=P4-4
Added Pin To Net: NetName=5V Pin=R1-1
Added Pin To Net: NetName=5V Pin=R2-1
Added Pin To Net: NetName=5V Pin=R3-1
Added Pin To Net: NetName=5V Pin=R4-1
Added Pin To Net: NetName=5V Pin=S1-3
Added Pin To Net: NetName=5V Pin=S2-3
Added Net: Name=5V
Added Pin To Net: NetName=12V Pin=C19-1
Added Pin To Net: NetName=12V Pin=C42-1
Added Pin To Net: NetName=12V Pin=G1-2
Added Pin To Net: NetName=12V Pin=G3-2
Added Pin To Net: NetName=12V Pin=R6-2
Added Pin To Net: NetName=12V Pin=R14-2
Added Pin To Net: NetName=12V Pin=U3-4
Added Pin To Net: NetName=12V Pin=U7-4
Added Net: Name=12V
Added Pin To Net: NetName=24V Pin=R8-2
Added Pin To Net: NetName=24V Pin=R16-2
Added Net: Name=24V
Added Pin To Net: NetName=BOOT0 Pin=P2-21
Added Pin To Net: NetName=BOOT0 Pin=P4-21
Added Net: Name=BOOT0
Added Pin To Net: NetName=GND Pin=C11-2
Added Pin To Net: NetName=GND Pin=C15-2
Added Pin To Net: NetName=GND Pin=C18-2
Added Pin To Net: NetName=GND Pin=C19-2
Added Pin To Net: NetName=GND Pin=C22-2
Added Pin To Net: NetName=GND Pin=C23-2
Added Pin To Net: NetName=GND Pin=C34-2
Added Pin To Net: NetName=GND Pin=C38-2
Added Pin To Net: NetName=GND Pin=C41-2
Added Pin To Net: NetName=GND Pin=C42-2
Added Pin To Net: NetName=GND Pin=C45-2
Added Pin To Net: NetName=GND Pin=C46-2
Added Pin To Net: NetName=GND Pin=D1-1
Added Pin To Net: NetName=GND Pin=D2-1
Added Pin To Net: NetName=GND Pin=D3-1
Added Pin To Net: NetName=GND Pin=D4-1
Added Pin To Net: NetName=GND Pin=P1-1
Added Pin To Net: NetName=GND Pin=P1-2
Added Pin To Net: NetName=GND Pin=P1-5
Added Pin To Net: NetName=GND Pin=P1-23
Added Pin To Net: NetName=GND Pin=P1-49
Added Pin To Net: NetName=GND Pin=P1-50
Added Pin To Net: NetName=GND Pin=P2-1
Added Pin To Net: NetName=GND Pin=P2-2
Added Pin To Net: NetName=GND Pin=P3-1
Added Pin To Net: NetName=GND Pin=P3-2
Added Pin To Net: NetName=GND Pin=P3-5
Added Pin To Net: NetName=GND Pin=P3-23
Added Pin To Net: NetName=GND Pin=P3-49
Added Pin To Net: NetName=GND Pin=P3-50
Added Pin To Net: NetName=GND Pin=P4-1
Added Pin To Net: NetName=GND Pin=P4-2
Added Pin To Net: NetName=GND Pin=S1-1
Added Pin To Net: NetName=GND Pin=S2-1
Added Pin To Net: NetName=GND Pin=U3-3
Added Pin To Net: NetName=GND Pin=U3-5
Added Pin To Net: NetName=GND Pin=U3-6
Added Pin To Net: NetName=GND Pin=U4-3
Added Pin To Net: NetName=GND Pin=U4-5
Added Pin To Net: NetName=GND Pin=U4-6
Added Pin To Net: NetName=GND Pin=U7-3
Added Pin To Net: NetName=GND Pin=U7-5
Added Pin To Net: NetName=GND Pin=U7-6
Added Pin To Net: NetName=GND Pin=U8-3
Added Pin To Net: NetName=GND Pin=U8-5
Added Pin To Net: NetName=GND Pin=U8-6
Added Net: Name=GND
Added Net: Name=NetC10_1
Added Net: Name=NetC10_2
Added Net: Name=NetC10_3
Added Net: Name=NetC10_4
Added Pin To Net: NetName=NetC12_1 Pin=C12-1
Added Net: Name=NetC12_1
Added Pin To Net: NetName=NetC12_2 Pin=C12-2
Added Net: Name=NetC12_2
Added Pin To Net: NetName=NetC13_1 Pin=C13-1
Added Net: Name=NetC13_1
Added Pin To Net: NetName=NetC13_2 Pin=C13-2
Added Net: Name=NetC13_2
Added Pin To Net: NetName=NetC14_1 Pin=C14-1
Added Net: Name=NetC14_1
Added Pin To Net: NetName=NetC15_1 Pin=C15-1
Added Net: Name=NetC15_1
Added Pin To Net: NetName=NetC16_1 Pin=C18-1
Added Pin To Net: NetName=NetC16_1 Pin=C22-1
Added Pin To Net: NetName=NetC16_1 Pin=U3-1
Added Pin To Net: NetName=NetC16_1 Pin=U4-1
Added Net: Name=NetC16_1
Added Net: Name=NetC33_1
Added Net: Name=NetC33_2
Added Net: Name=NetC33_3
Added Net: Name=NetC33_4
Added Pin To Net: NetName=NetC35_1 Pin=C35-1
Added Net: Name=NetC35_1
Added Pin To Net: NetName=NetC35_2 Pin=C35-2
Added Net: Name=NetC35_2
Added Pin To Net: NetName=NetC36_1 Pin=C36-1
Added Net: Name=NetC36_1
Added Pin To Net: NetName=NetC36_2 Pin=C36-2
Added Net: Name=NetC36_2
Added Pin To Net: NetName=NetC37_1 Pin=C37-1
Added Net: Name=NetC37_1
Added Pin To Net: NetName=NetC38_1 Pin=C38-1
Added Net: Name=NetC38_1
Added Pin To Net: NetName=NetC39_1 Pin=C41-1
Added Pin To Net: NetName=NetC39_1 Pin=C45-1
Added Pin To Net: NetName=NetC39_1 Pin=U7-1
Added Pin To Net: NetName=NetC39_1 Pin=U8-1
Added Net: Name=NetC39_1
Added Pin To Net: NetName=NetD1_2 Pin=D1-2
Added Pin To Net: NetName=NetD1_2 Pin=G1-1
Added Pin To Net: NetName=NetD1_2 Pin=U3-2
Added Net: Name=NetD1_2
Added Pin To Net: NetName=NetD2_2 Pin=D2-2
Added Pin To Net: NetName=NetD2_2 Pin=G2-1
Added Pin To Net: NetName=NetD2_2 Pin=U4-2
Added Net: Name=NetD2_2
Added Pin To Net: NetName=NetD3_2 Pin=D3-2
Added Pin To Net: NetName=NetD3_2 Pin=G3-1
Added Pin To Net: NetName=NetD3_2 Pin=U7-2
Added Net: Name=NetD3_2
Added Pin To Net: NetName=NetD4_2 Pin=D4-2
Added Pin To Net: NetName=NetD4_2 Pin=G4-1
Added Pin To Net: NetName=NetD4_2 Pin=U8-2
Added Net: Name=NetD4_2
Added Pin To Net: NetName=NetH1_1 Pin=R5-2
Added Net: Name=NetH1_1
Added Pin To Net: NetName=NetH1_2 Pin=R5-1
Added Net: Name=NetH1_2
Added Pin To Net: NetName=NetH2_1 Pin=R13-2
Added Net: Name=NetH2_1
Added Pin To Net: NetName=NetH2_2 Pin=R13-1
Added Net: Name=NetH2_2
Added Pin To Net: NetName=NetLED1_1 Pin=R6-1
Added Net: Name=NetLED1_1
Added Pin To Net: NetName=NetLED2_1 Pin=R7-1
Added Net: Name=NetLED2_1
Added Pin To Net: NetName=NetLED3_1 Pin=R8-1
Added Net: Name=NetLED3_1
Added Pin To Net: NetName=NetLED4_1 Pin=R14-1
Added Net: Name=NetLED4_1
Added Pin To Net: NetName=NetLED5_1 Pin=R15-1
Added Net: Name=NetLED5_1
Added Pin To Net: NetName=NetLED6_1 Pin=R16-1
Added Net: Name=NetLED6_1
Added Pin To Net: NetName=NRST Pin=P1-6
Added Pin To Net: NetName=NRST Pin=P3-6
Added Net: Name=NRST
Added Pin To Net: NetName=PA0 Pin=P1-12
Added Pin To Net: NetName=PA0 Pin=P3-12
Added Net: Name=PA0
Added Pin To Net: NetName=PA1 Pin=P1-11
Added Pin To Net: NetName=PA1 Pin=P3-11
Added Net: Name=PA1
Added Pin To Net: NetName=PA2 Pin=P1-14
Added Pin To Net: NetName=PA2 Pin=P3-14
Added Net: Name=PA2
Added Pin To Net: NetName=PA3 Pin=P1-13
Added Pin To Net: NetName=PA3 Pin=P3-13
Added Net: Name=PA3
Added Pin To Net: NetName=PA4 Pin=P1-16
Added Pin To Net: NetName=PA4 Pin=P3-16
Added Net: Name=PA4
Added Pin To Net: NetName=PA5 Pin=P1-15
Added Pin To Net: NetName=PA5 Pin=P3-15
Added Net: Name=PA5
Added Pin To Net: NetName=PA6 Pin=P1-18
Added Pin To Net: NetName=PA6 Pin=P3-18
Added Net: Name=PA6
Added Pin To Net: NetName=PA7 Pin=P1-17
Added Pin To Net: NetName=PA7 Pin=P3-17
Added Net: Name=PA7
Added Pin To Net: NetName=PA8 Pin=P2-45
Added Pin To Net: NetName=PA8 Pin=P4-45
Added Net: Name=PA8
Added Pin To Net: NetName=PA9 Pin=P2-46
Added Pin To Net: NetName=PA9 Pin=P4-46
Added Net: Name=PA9
Added Pin To Net: NetName=PA10 Pin=P2-43
Added Pin To Net: NetName=PA10 Pin=P4-43
Added Net: Name=PA10
Added Pin To Net: NetName=PA11 Pin=P2-44
Added Pin To Net: NetName=PA11 Pin=P4-44
Added Net: Name=PA11
Added Pin To Net: NetName=PA12 Pin=P2-41
Added Pin To Net: NetName=PA12 Pin=P4-41
Added Net: Name=PA12
Added Pin To Net: NetName=PA13 Pin=P2-42
Added Pin To Net: NetName=PA13 Pin=P4-42
Added Net: Name=PA13
Added Pin To Net: NetName=PA14 Pin=P2-39
Added Pin To Net: NetName=PA14 Pin=P4-39
Added Net: Name=PA14
Added Pin To Net: NetName=PA15 Pin=P2-40
Added Pin To Net: NetName=PA15 Pin=P4-40
Added Net: Name=PA15
Added Pin To Net: NetName=PB0 Pin=P1-22
Added Pin To Net: NetName=PB0 Pin=P3-22
Added Net: Name=PB0
Added Pin To Net: NetName=PB1 Pin=P1-21
Added Pin To Net: NetName=PB1 Pin=P3-21
Added Net: Name=PB1
Added Pin To Net: NetName=PB2 Pin=P1-24
Added Pin To Net: NetName=PB2 Pin=P3-24
Added Net: Name=PB2
Added Pin To Net: NetName=PB3 Pin=P2-28
Added Pin To Net: NetName=PB3 Pin=P4-28
Added Net: Name=PB3
Added Pin To Net: NetName=PB4 Pin=P2-25
Added Pin To Net: NetName=PB4 Pin=P4-25
Added Pin To Net: NetName=PB4 Pin=R3-2
Added Net: Name=PB4
Added Pin To Net: NetName=PB5 Pin=P2-26
Added Pin To Net: NetName=PB5 Pin=P4-26
Added Pin To Net: NetName=PB5 Pin=R4-2
Added Net: Name=PB5
Added Pin To Net: NetName=PB6 Pin=P2-23
Added Pin To Net: NetName=PB6 Pin=P4-23
Added Pin To Net: NetName=PB6 Pin=R1-2
Added Net: Name=PB6
Added Pin To Net: NetName=PB7 Pin=P2-24
Added Pin To Net: NetName=PB7 Pin=P4-24
Added Pin To Net: NetName=PB7 Pin=R2-2
Added Net: Name=PB7
Added Pin To Net: NetName=PB8 Pin=P2-19
Added Pin To Net: NetName=PB8 Pin=P4-19
Added Net: Name=PB8
Added Pin To Net: NetName=PB9 Pin=P1-3
Added Pin To Net: NetName=PB9 Pin=P1-4
Added Pin To Net: NetName=PB9 Pin=P2-16
Added Pin To Net: NetName=PB9 Pin=P2-18
Added Pin To Net: NetName=PB9 Pin=P2-20
Added Pin To Net: NetName=PB9 Pin=P2-22
Added Pin To Net: NetName=PB9 Pin=P3-3
Added Pin To Net: NetName=PB9 Pin=P3-4
Added Pin To Net: NetName=PB9 Pin=P4-16
Added Pin To Net: NetName=PB9 Pin=P4-18
Added Pin To Net: NetName=PB9 Pin=P4-20
Added Pin To Net: NetName=PB9 Pin=P4-22
Added Net: Name=PB9
Added Pin To Net: NetName=PB10 Pin=P1-34
Added Pin To Net: NetName=PB10 Pin=P3-34
Added Net: Name=PB10
Added Pin To Net: NetName=PB11 Pin=P1-35
Added Pin To Net: NetName=PB11 Pin=P3-35
Added Net: Name=PB11
Added Pin To Net: NetName=PB12 Pin=P1-36
Added Pin To Net: NetName=PB12 Pin=P3-36
Added Net: Name=PB12
Added Pin To Net: NetName=PB13 Pin=P1-37
Added Pin To Net: NetName=PB13 Pin=P3-37
Added Net: Name=PB13
Added Pin To Net: NetName=PB14 Pin=P1-38
Added Pin To Net: NetName=PB14 Pin=P3-38
Added Net: Name=PB14
Added Pin To Net: NetName=PB15 Pin=P1-39
Added Pin To Net: NetName=PB15 Pin=P3-39
Added Net: Name=PB15
Added Pin To Net: NetName=PC0 Pin=P1-8
Added Pin To Net: NetName=PC0 Pin=P3-8
Added Net: Name=PC0
Added Pin To Net: NetName=PC1 Pin=P1-7
Added Pin To Net: NetName=PC1 Pin=P3-7
Added Net: Name=PC1
Added Pin To Net: NetName=PC2 Pin=P1-10
Added Pin To Net: NetName=PC2 Pin=P3-10
Added Net: Name=PC2
Added Pin To Net: NetName=PC3 Pin=P1-9
Added Pin To Net: NetName=PC3 Pin=P3-9
Added Net: Name=PC3
Added Pin To Net: NetName=PC4 Pin=P1-20
Added Pin To Net: NetName=PC4 Pin=P3-20
Added Net: Name=PC4
Added Pin To Net: NetName=PC5 Pin=P1-19
Added Pin To Net: NetName=PC5 Pin=P3-19
Added Net: Name=PC5
Added Pin To Net: NetName=PC6 Pin=P2-49
Added Pin To Net: NetName=PC6 Pin=P4-49
Added Net: Name=PC6
Added Pin To Net: NetName=PC7 Pin=P2-50
Added Pin To Net: NetName=PC7 Pin=P4-50
Added Net: Name=PC7
Added Pin To Net: NetName=PC8 Pin=P2-47
Added Pin To Net: NetName=PC8 Pin=P4-47
Added Net: Name=PC8
Added Pin To Net: NetName=PC9 Pin=P2-48
Added Pin To Net: NetName=PC9 Pin=P4-48
Added Net: Name=PC9
Added Pin To Net: NetName=PC10 Pin=P2-37
Added Pin To Net: NetName=PC10 Pin=P4-37
Added Net: Name=PC10
Added Pin To Net: NetName=PC11 Pin=P2-38
Added Pin To Net: NetName=PC11 Pin=P4-38
Added Net: Name=PC11
Added Pin To Net: NetName=PC12 Pin=P2-35
Added Pin To Net: NetName=PC12 Pin=P4-35
Added Net: Name=PC12
Added Pin To Net: NetName=PC13 Pin=P2-12
Added Pin To Net: NetName=PC13 Pin=P4-12
Added Net: Name=PC13
Added Pin To Net: NetName=PC14 Pin=P2-9
Added Pin To Net: NetName=PC14 Pin=P4-9
Added Net: Name=PC14
Added Pin To Net: NetName=PC15 Pin=P2-10
Added Pin To Net: NetName=PC15 Pin=P4-10
Added Net: Name=PC15
Added Pin To Net: NetName=PD0 Pin=P2-36
Added Pin To Net: NetName=PD0 Pin=P4-36
Added Net: Name=PD0
Added Pin To Net: NetName=PD1 Pin=P2-33
Added Pin To Net: NetName=PD1 Pin=P4-33
Added Net: Name=PD1
Added Pin To Net: NetName=PD2 Pin=P2-34
Added Pin To Net: NetName=PD2 Pin=P4-34
Added Net: Name=PD2
Added Pin To Net: NetName=PD3 Pin=P2-31
Added Pin To Net: NetName=PD3 Pin=P4-31
Added Net: Name=PD3
Added Pin To Net: NetName=PD4 Pin=P2-32
Added Pin To Net: NetName=PD4 Pin=P4-32
Added Net: Name=PD4
Added Pin To Net: NetName=PD5 Pin=P2-29
Added Pin To Net: NetName=PD5 Pin=P4-29
Added Net: Name=PD5
Added Pin To Net: NetName=PD6 Pin=P2-30
Added Pin To Net: NetName=PD6 Pin=P4-30
Added Net: Name=PD6
Added Pin To Net: NetName=PD7 Pin=P2-27
Added Pin To Net: NetName=PD7 Pin=P4-27
Added Net: Name=PD7
Added Pin To Net: NetName=PD8 Pin=P1-40
Added Pin To Net: NetName=PD8 Pin=P3-40
Added Net: Name=PD8
Added Pin To Net: NetName=PD9 Pin=P1-41
Added Pin To Net: NetName=PD9 Pin=P3-41
Added Net: Name=PD9
Added Pin To Net: NetName=PD10 Pin=P1-42
Added Pin To Net: NetName=PD10 Pin=P3-42
Added Net: Name=PD10
Added Pin To Net: NetName=PD11 Pin=P1-43
Added Pin To Net: NetName=PD11 Pin=P3-43
Added Net: Name=PD11
Added Pin To Net: NetName=PD12 Pin=P1-44
Added Pin To Net: NetName=PD12 Pin=P3-44
Added Net: Name=PD12
Added Pin To Net: NetName=PD13 Pin=P1-45
Added Pin To Net: NetName=PD13 Pin=P3-45
Added Net: Name=PD13
Added Pin To Net: NetName=PD14 Pin=P1-46
Added Pin To Net: NetName=PD14 Pin=P3-46
Added Net: Name=PD14
Added Pin To Net: NetName=PD15 Pin=P1-47
Added Pin To Net: NetName=PD15 Pin=P3-47
Added Net: Name=PD15
Added Pin To Net: NetName=PE0 Pin=P2-17
Added Pin To Net: NetName=PE0 Pin=P4-17
Added Net: Name=PE0
Added Pin To Net: NetName=PE2 Pin=P2-15
Added Pin To Net: NetName=PE2 Pin=P4-15
Added Net: Name=PE2
Added Pin To Net: NetName=PE4 Pin=P2-13
Added Pin To Net: NetName=PE4 Pin=P4-13
Added Net: Name=PE4
Added Pin To Net: NetName=PE5 Pin=P2-14
Added Pin To Net: NetName=PE5 Pin=P4-14
Added Net: Name=PE5
Added Pin To Net: NetName=PE6 Pin=P2-11
Added Pin To Net: NetName=PE6 Pin=P4-11
Added Net: Name=PE6
Added Pin To Net: NetName=PE7 Pin=P1-25
Added Pin To Net: NetName=PE7 Pin=P3-25
Added Net: Name=PE7
Added Pin To Net: NetName=PE8 Pin=P1-26
Added Pin To Net: NetName=PE8 Pin=P3-26
Added Net: Name=PE8
Added Pin To Net: NetName=PE9 Pin=P1-27
Added Pin To Net: NetName=PE9 Pin=P3-27
Added Net: Name=PE9
Added Pin To Net: NetName=PE10 Pin=P1-28
Added Pin To Net: NetName=PE10 Pin=P3-28
Added Net: Name=PE10
Added Pin To Net: NetName=PE11 Pin=P1-29
Added Pin To Net: NetName=PE11 Pin=P3-29
Added Net: Name=PE11
Added Pin To Net: NetName=PE12 Pin=P1-30
Added Pin To Net: NetName=PE12 Pin=P3-30
Added Net: Name=PE12
Added Pin To Net: NetName=PE13 Pin=P1-31
Added Pin To Net: NetName=PE13 Pin=P3-31
Added Net: Name=PE13
Added Pin To Net: NetName=PE14 Pin=P1-32
Added Pin To Net: NetName=PE14 Pin=P3-32
Added Net: Name=PE14
Added Pin To Net: NetName=PE15 Pin=P1-33
Added Pin To Net: NetName=PE15 Pin=P3-33
Added Net: Name=PE15
Added Pin To Net: NetName=PH0 Pin=P2-7
Added Pin To Net: NetName=PH0 Pin=P4-7
Added Net: Name=PH0
Added Pin To Net: NetName=PH1 Pin=P2-8
Added Pin To Net: NetName=PH1 Pin=P4-8
Added Net: Name=PH1
Added Class: Name=version1
Added Room: Name=version1
